<?xml version="1.0" encoding="UTF-8"?>
<coverage generated="1763934868422" clover="3.2.0">
  <project timestamp="1763934868422" name="All files">
    <metrics statements="34" coveredstatements="21" conditionals="21" coveredconditionals="5" methods="17" coveredmethods="9" elements="72" coveredelements="35" complexity="0" loc="34" ncloc="34" packages="1" files="3" classes="3"/>
    <file name="Buscador.jsx" path="C:\Users\Lenovo\Escritorio\ev3\ev3\exploramundo\frontend\src\components\Buscador.jsx">
      <metrics statements="8" coveredstatements="7" conditionals="2" coveredconditionals="2" methods="6" coveredmethods="4"/>
      <line num="4" count="3" type="stmt"/>
      <line num="5" count="3" type="stmt"/>
      <line num="7" count="3" type="stmt"/>
      <line num="8" count="3" type="stmt"/>
      <line num="10" count="3" type="stmt"/>
      <line num="18" count="1" type="stmt"/>
      <line num="19" count="1" type="cond" truecount="2" falsecount="0"/>
      <line num="23" count="0" type="stmt"/>
    </file>
    <file name="CountriesList.jsx" path="C:\Users\Lenovo\Escritorio\ev3\ev3\exploramundo\frontend\src\components\CountriesList.jsx">
      <metrics statements="25" coveredstatements="13" conditionals="17" coveredconditionals="2" methods="10" coveredmethods="4"/>
      <line num="7" count="2" type="stmt"/>
      <line num="8" count="2" type="stmt"/>
      <line num="9" count="2" type="stmt"/>
      <line num="11" count="2" type="stmt"/>
      <line num="12" count="1" type="stmt"/>
      <line num="14" count="1" type="stmt"/>
      <line num="15" count="1" type="stmt"/>
      <line num="16" count="1" type="stmt"/>
      <line num="18" count="0" type="stmt"/>
      <line num="21" count="2" type="stmt"/>
      <line num="22" count="0" type="stmt"/>
      <line num="23" count="0" type="stmt"/>
      <line num="24" count="0" type="cond" truecount="0" falsecount="5"/>
      <line num="26" count="0" type="stmt"/>
      <line num="28" count="0" type="stmt"/>
      <line num="31" count="2" type="stmt"/>
      <line num="32" count="0" type="stmt"/>
      <line num="33" count="0" type="cond" truecount="0" falsecount="2"/>
      <line num="34" count="0" type="cond" truecount="0" falsecount="2"/>
      <line num="35" count="0" type="cond" truecount="0" falsecount="6"/>
      <line num="36" count="0" type="stmt"/>
      <line num="38" count="0" type="stmt"/>
      <line num="41" count="2" type="cond" truecount="2" falsecount="0"/>
      <line num="43" count="1" type="stmt"/>
      <line num="49" count="1" type="stmt"/>
    </file>
    <file name="CountryCard.jsx" path="C:\Users\Lenovo\Escritorio\ev3\ev3\exploramundo\frontend\src\components\CountryCard.jsx">
      <metrics statements="1" coveredstatements="1" conditionals="2" coveredconditionals="1" methods="1" coveredmethods="1"/>
      <line num="2" count="2" type="stmt"/>
    </file>
  </project>
</coverage>
