{"C:\\Users\\Lenovo\\Escritorio\\ev3\\ev3\\exploramundo\\frontend\\src\\components\\Buscador.jsx": {"path":"C:\\Users\\Lenovo\\Escritorio\\ev3\\ev3\\exploramundo\\frontend\\src\\components\\Buscador.jsx","statementMap":{"0":{"start":{"line":4,"column":30},"end":{"line":4,"column":42}},"1":{"start":{"line":5,"column":32},"end":{"line":5,"column":48}},"2":{"start":{"line":7,"column":25},"end":{"line":7,"column":46}},"3":{"start":{"line":7,"column":31},"end":{"line":7,"column":46}},"4":{"start":{"line":8,"column":23},"end":{"line":8,"column":43}},"5":{"start":{"line":8,"column":29},"end":{"line":8,"column":43}},"6":{"start":{"line":10,"column":4},"end":{"line":35,"column":5}},"7":{"start":{"line":18,"column":37},"end":{"line":18,"column":61}},"8":{"start":{"line":19,"column":36},"end":{"line":19,"column":71}},"9":{"start":{"line":23,"column":65},"end":{"line":23,"column":90}}},"fnMap":{"0":{"name":"Buscador","decl":{"start":{"line":3,"column":24},"end":{"line":3,"column":32}},"loc":{"start":{"line":3,"column":55},"end":{"line":36,"column":1}},"line":3},"1":{"name":"(anonymous_1)","decl":{"start":{"line":7,"column":25},"end":{"line":7,"column":26}},"loc":{"start":{"line":7,"column":31},"end":{"line":7,"column":46}},"line":7},"2":{"name":"(anonymous_2)","decl":{"start":{"line":8,"column":23},"end":{"line":8,"column":24}},"loc":{"start":{"line":8,"column":29},"end":{"line":8,"column":43}},"line":8},"3":{"name":"(anonymous_3)","decl":{"start":{"line":18,"column":30},"end":{"line":18,"column":31}},"loc":{"start":{"line":18,"column":37},"end":{"line":18,"column":61}},"line":18},"4":{"name":"(anonymous_4)","decl":{"start":{"line":19,"column":29},"end":{"line":19,"column":30}},"loc":{"start":{"line":19,"column":36},"end":{"line":19,"column":71}},"line":19},"5":{"name":"(anonymous_5)","decl":{"start":{"line":23,"column":58},"end":{"line":23,"column":59}},"loc":{"start":{"line":23,"column":65},"end":{"line":23,"column":90}},"line":23}},"branchMap":{"0":{"loc":{"start":{"line":19,"column":36},"end":{"line":19,"column":71}},"type":"binary-expr","locations":[{"start":{"line":19,"column":36},"end":{"line":19,"column":53}},{"start":{"line":19,"column":57},"end":{"line":19,"column":71}}],"line":19}},"s":{"0":3,"1":3,"2":3,"3":1,"4":3,"5":0,"6":3,"7":1,"8":1,"9":0},"f":{"0":3,"1":1,"2":0,"3":1,"4":1,"5":0},"b":{"0":[1,1]},"_coverageSchema":"1a1c01bbd47fc00a2c39e90264f33305004495a9","hash":"fc2daf2617944525e11aa6c35bd1fc84d6a47af4"}
,"C:\\Users\\Lenovo\\Escritorio\\ev3\\ev3\\exploramundo\\frontend\\src\\components\\CountriesList.jsx": {"path":"C:\\Users\\Lenovo\\Escritorio\\ev3\\ev3\\exploramundo\\frontend\\src\\components\\CountriesList.jsx","statementMap":{"0":{"start":{"line":7,"column":38},"end":{"line":7,"column":50}},"1":{"start":{"line":8,"column":36},"end":{"line":8,"column":48}},"2":{"start":{"line":9,"column":34},"end":{"line":9,"column":48}},"3":{"start":{"line":11,"column":4},"end":{"line":19,"column":10}},"4":{"start":{"line":12,"column":8},"end":{"line":18,"column":43}},"5":{"start":{"line":14,"column":16},"end":{"line":14,"column":34}},"6":{"start":{"line":15,"column":16},"end":{"line":15,"column":33}},"7":{"start":{"line":16,"column":16},"end":{"line":16,"column":33}},"8":{"start":{"line":18,"column":25},"end":{"line":18,"column":42}},"9":{"start":{"line":21,"column":25},"end":{"line":29,"column":5}},"10":{"start":{"line":22,"column":22},"end":{"line":22,"column":41}},"11":{"start":{"line":23,"column":23},"end":{"line":27,"column":9}},"12":{"start":{"line":24,"column":12},"end":{"line":26,"column":104}},"13":{"start":{"line":26,"column":68},"end":{"line":26,"column":102}},"14":{"start":{"line":28,"column":8},"end":{"line":28,"column":27}},"15":{"start":{"line":31,"column":23},"end":{"line":39,"column":5}},"16":{"start":{"line":32,"column":23},"end":{"line":37,"column":10}},"17":{"start":{"line":33,"column":12},"end":{"line":33,"column":72}},"18":{"start":{"line":33,"column":37},"end":{"line":33,"column":72}},"19":{"start":{"line":34,"column":12},"end":{"line":34,"column":77}},"20":{"start":{"line":34,"column":43},"end":{"line":34,"column":77}},"21":{"start":{"line":35,"column":12},"end":{"line":35,"column":95}},"22":{"start":{"line":35,"column":40},"end":{"line":35,"column":95}},"23":{"start":{"line":36,"column":12},"end":{"line":36,"column":20}},"24":{"start":{"line":38,"column":8},"end":{"line":38,"column":27}},"25":{"start":{"line":41,"column":4},"end":{"line":41,"column":101}},"26":{"start":{"line":41,"column":17},"end":{"line":41,"column":101}},"27":{"start":{"line":43,"column":4},"end":{"line":55,"column":5}},"28":{"start":{"line":49,"column":20},"end":{"line":51,"column":26}}},"fnMap":{"0":{"name":"CountriesList","decl":{"start":{"line":6,"column":24},"end":{"line":6,"column":37}},"loc":{"start":{"line":6,"column":40},"end":{"line":56,"column":1}},"line":6},"1":{"name":"(anonymous_1)","decl":{"start":{"line":11,"column":14},"end":{"line":11,"column":15}},"loc":{"start":{"line":11,"column":20},"end":{"line":19,"column":5}},"line":11},"2":{"name":"(anonymous_2)","decl":{"start":{"line":13,"column":18},"end":{"line":13,"column":19}},"loc":{"start":{"line":13,"column":26},"end":{"line":17,"column":13}},"line":13},"3":{"name":"(anonymous_3)","decl":{"start":{"line":18,"column":19},"end":{"line":18,"column":20}},"loc":{"start":{"line":18,"column":25},"end":{"line":18,"column":42}},"line":18},"4":{"name":"(anonymous_4)","decl":{"start":{"line":21,"column":25},"end":{"line":21,"column":26}},"loc":{"start":{"line":21,"column":36},"end":{"line":29,"column":5}},"line":21},"5":{"name":"(anonymous_5)","decl":{"start":{"line":23,"column":40},"end":{"line":23,"column":41}},"loc":{"start":{"line":24,"column":12},"end":{"line":26,"column":104}},"line":24},"6":{"name":"(anonymous_6)","decl":{"start":{"line":26,"column":60},"end":{"line":26,"column":61}},"loc":{"start":{"line":26,"column":68},"end":{"line":26,"column":102}},"line":26},"7":{"name":"(anonymous_7)","decl":{"start":{"line":31,"column":23},"end":{"line":31,"column":24}},"loc":{"start":{"line":31,"column":37},"end":{"line":39,"column":5}},"line":31},"8":{"name":"(anonymous_8)","decl":{"start":{"line":32,"column":42},"end":{"line":32,"column":43}},"loc":{"start":{"line":32,"column":52},"end":{"line":37,"column":9}},"line":32},"9":{"name":"(anonymous_9)","decl":{"start":{"line":48,"column":30},"end":{"line":48,"column":31}},"loc":{"start":{"line":49,"column":20},"end":{"line":51,"column":26}},"line":49}},"branchMap":{"0":{"loc":{"start":{"line":24,"column":12},"end":{"line":26,"column":104}},"type":"binary-expr","locations":[{"start":{"line":24,"column":12},"end":{"line":24,"column":48}},{"start":{"line":25,"column":13},"end":{"line":25,"column":22}},{"start":{"line":25,"column":26},"end":{"line":25,"column":65}},{"start":{"line":26,"column":13},"end":{"line":26,"column":24}},{"start":{"line":26,"column":28},"end":{"line":26,"column":103}}],"line":24},"1":{"loc":{"start":{"line":33,"column":12},"end":{"line":33,"column":72}},"type":"if","locations":[{"start":{"line":33,"column":12},"end":{"line":33,"column":72}},{"start":{},"end":{}}],"line":33},"2":{"loc":{"start":{"line":34,"column":12},"end":{"line":34,"column":77}},"type":"if","locations":[{"start":{"line":34,"column":12},"end":{"line":34,"column":77}},{"start":{},"end":{}}],"line":34},"3":{"loc":{"start":{"line":35,"column":12},"end":{"line":35,"column":95}},"type":"if","locations":[{"start":{"line":35,"column":12},"end":{"line":35,"column":95}},{"start":{},"end":{}}],"line":35},"4":{"loc":{"start":{"line":35,"column":48},"end":{"line":35,"column":63}},"type":"binary-expr","locations":[{"start":{"line":35,"column":48},"end":{"line":35,"column":57}},{"start":{"line":35,"column":61},"end":{"line":35,"column":63}}],"line":35},"5":{"loc":{"start":{"line":35,"column":79},"end":{"line":35,"column":94}},"type":"binary-expr","locations":[{"start":{"line":35,"column":79},"end":{"line":35,"column":88}},{"start":{"line":35,"column":92},"end":{"line":35,"column":94}}],"line":35},"6":{"loc":{"start":{"line":41,"column":4},"end":{"line":41,"column":101}},"type":"if","locations":[{"start":{"line":41,"column":4},"end":{"line":41,"column":101}},{"start":{},"end":{}}],"line":41}},"s":{"0":2,"1":2,"2":2,"3":2,"4":1,"5":1,"6":1,"7":1,"8":0,"9":2,"10":0,"11":0,"12":0,"13":0,"14":0,"15":2,"16":0,"17":0,"18":0,"19":0,"20":0,"21":0,"22":0,"23":0,"24":0,"25":2,"26":1,"27":1,"28":1},"f":{"0":2,"1":1,"2":1,"3":0,"4":0,"5":0,"6":0,"7":0,"8":0,"9":1},"b":{"0":[0,0,0,0,0],"1":[0,0],"2":[0,0],"3":[0,0],"4":[0,0],"5":[0,0],"6":[1,1]},"_coverageSchema":"1a1c01bbd47fc00a2c39e90264f33305004495a9","hash":"eb58d299baa91e86e0314b0135b0b1f6c9147ae1"}
,"C:\\Users\\Lenovo\\Escritorio\\ev3\\ev3\\exploramundo\\frontend\\src\\components\\CountryCard.jsx": {"path":"C:\\Users\\Lenovo\\Escritorio\\ev3\\ev3\\exploramundo\\frontend\\src\\components\\CountryCard.jsx","statementMap":{"0":{"start":{"line":2,"column":4},"end":{"line":17,"column":5}}},"fnMap":{"0":{"name":"CountryCard","decl":{"start":{"line":1,"column":24},"end":{"line":1,"column":35}},"loc":{"start":{"line":1,"column":49},"end":{"line":18,"column":1}},"line":1}},"branchMap":{"0":{"loc":{"start":{"line":8,"column":47},"end":{"line":8,"column":71}},"type":"binary-expr","locations":[{"start":{"line":8,"column":47},"end":{"line":8,"column":62}},{"start":{"line":8,"column":66},"end":{"line":8,"column":71}}],"line":8}},"s":{"0":2},"f":{"0":2},"b":{"0":[2,0]},"_coverageSchema":"1a1c01bbd47fc00a2c39e90264f33305004495a9","hash":"79bc36ba4802a4fa7744eae218e72b3767b14f5b"}
}
