TN:
SF:src\components\Buscador.jsx
FN:3,Buscador
FN:7,(anonymous_1)
FN:8,(anonymous_2)
FN:18,(anonymous_3)
FN:19,(anonymous_4)
FN:23,(anonymous_5)
FNF:6
FNH:4
FNDA:3,Buscador
FNDA:1,(anonymous_1)
FNDA:0,(anonymous_2)
FNDA:1,(anonymous_3)
FNDA:1,(anonymous_4)
FNDA:0,(anonymous_5)
DA:4,3
DA:5,3
DA:7,3
DA:8,3
DA:10,3
DA:18,1
DA:19,1
DA:23,0
LF:8
LH:7
BRDA:19,0,0,1
BRDA:19,0,1,1
BRF:2
BRH:2
end_of_record
TN:
SF:src\components\CountriesList.jsx
FN:6,CountriesList
FN:11,(anonymous_1)
FN:13,(anonymous_2)
FN:18,(anonymous_3)
FN:21,(anonymous_4)
FN:23,(anonymous_5)
FN:26,(anonymous_6)
FN:31,(anonymous_7)
FN:32,(anonymous_8)
FN:48,(anonymous_9)
FNF:10
FNH:4
FNDA:2,CountriesList
FNDA:1,(anonymous_1)
FNDA:1,(anonymous_2)
FNDA:0,(anonymous_3)
FNDA:0,(anonymous_4)
FNDA:0,(anonymous_5)
FNDA:0,(anonymous_6)
FNDA:0,(anonymous_7)
FNDA:0,(anonymous_8)
FNDA:1,(anonymous_9)
DA:7,2
DA:8,2
DA:9,2
DA:11,2
DA:12,1
DA:14,1
DA:15,1
DA:16,1
DA:18,0
DA:21,2
DA:22,0
DA:23,0
DA:24,0
DA:26,0
DA:28,0
DA:31,2
DA:32,0
DA:33,0
DA:34,0
DA:35,0
DA:36,0
DA:38,0
DA:41,2
DA:43,1
DA:49,1
LF:25
LH:13
BRDA:24,0,0,0
BRDA:24,0,1,0
BRDA:24,0,2,0
BRDA:24,0,3,0
BRDA:24,0,4,0
BRDA:33,1,0,0
BRDA:33,1,1,0
BRDA:34,2,0,0
BRDA:34,2,1,0
BRDA:35,3,0,0
BRDA:35,3,1,0
BRDA:35,4,0,0
BRDA:35,4,1,0
BRDA:35,5,0,0
BRDA:35,5,1,0
BRDA:41,6,0,1
BRDA:41,6,1,1
BRF:17
BRH:2
end_of_record
TN:
SF:src\components\CountryCard.jsx
FN:1,CountryCard
FNF:1
FNH:1
FNDA:2,CountryCard
DA:2,2
LF:1
LH:1
BRDA:8,0,0,2
BRDA:8,0,1,0
BRF:2
BRH:1
end_of_record
